\BOOKMARK [1][]{section*.1}{\376\377\000E\000d\000u\000c\000a\000t\000i\000o\000n}{}% 1
\BOOKMARK [1][]{section*.2}{\376\377\000E\000x\000p\000e\000r\000i\000e\000n\000c\000e}{}% 2
\BOOKMARK [2][]{section*.3}{\376\377\000L\000e\000a\000d\000\040\000D\000a\000t\000a\000\040\000S\000c\000i\000e\000n\000t\000i\000s\000t}{section*.2}% 3
\BOOKMARK [2][]{section*.4}{\376\377\000D\000i\000r\000e\000c\000t\000o\000r\000,\000\040\000D\000a\000t\000a\000\040\000S\000c\000i\000e\000n\000c\000e\000\040\000a\000n\000d\000\040\000A\000n\000a\000l\000y\000t\000i\000c\000s}{section*.2}% 4
\BOOKMARK [2][]{section*.5}{\376\377\000F\000o\000u\000n\000d\000i\000n\000g\000\040\000D\000a\000t\000a\000\040\000S\000c\000i\000e\000n\000t\000i\000s\000t\000,\000\040\000P\000r\000i\000v\000a\000c\000y\000\040\000E\000n\000g\000i\000n\000e\000e\000r}{section*.2}% 5
\BOOKMARK [2][]{section*.6}{\376\377\000S\000e\000n\000i\000o\000r\000\040\000R\000e\000s\000e\000a\000r\000c\000h\000\040\000S\000c\000i\000e\000n\000t\000i\000s\000t}{section*.2}% 6
\BOOKMARK [2][]{section*.7}{\376\377\000S\000e\000n\000i\000o\000r\000\040\000D\000a\000t\000a\000\040\000S\000c\000i\000e\000n\000t\000i\000s\000t}{section*.2}% 7
\BOOKMARK [2][]{section*.8}{\376\377\000D\000a\000t\000a\000\040\000S\000c\000i\000e\000n\000t\000i\000s\000t}{section*.2}% 8
\BOOKMARK [2][]{section*.9}{\376\377\000S\000e\000n\000i\000o\000r\000\040\000C\000o\000n\000s\000u\000l\000t\000i\000n\000g\000\040\000D\000a\000t\000a\000\040\000S\000c\000i\000e\000n\000t\000i\000s\000t}{section*.2}% 9
\BOOKMARK [2][]{section*.10}{\376\377\000M\000a\000c\000h\000i\000n\000e\000\040\000L\000e\000a\000r\000n\000i\000n\000g\000\040\000S\000p\000e\000c\000i\000a\000l\000i\000s\000t}{section*.2}% 10
\BOOKMARK [2][]{section*.11}{\376\377\000D\000a\000t\000a\000\040\000S\000c\000i\000e\000n\000t\000i\000s\000t}{section*.2}% 11
\BOOKMARK [2][]{section*.12}{\376\377\000A\000d\000j\000u\000n\000c\000t\000\040\000S\000t\000a\000t\000i\000s\000t\000i\000c\000s\000\040\000I\000n\000s\000t\000r\000u\000c\000t\000o\000r}{section*.2}% 12
\BOOKMARK [2][]{section*.13}{\376\377\000G\000r\000a\000d\000u\000a\000t\000e\000\040\000R\000e\000s\000e\000a\000r\000c\000h\000\040\000A\000s\000s\000i\000s\000t\000a\000n\000t}{section*.2}% 13
\BOOKMARK [2][]{section*.14}{\376\377\000G\000r\000a\000d\000u\000a\000t\000e\000\040\000R\000e\000s\000e\000a\000r\000c\000h\000\040\000A\000s\000s\000i\000s\000t\000a\000n\000t}{section*.2}% 14
\BOOKMARK [1][]{section*.15}{\376\377\000R\000e\000s\000e\000a\000r\000c\000h\000\040\000I\000n\000t\000e\000r\000e\000s\000t\000s}{}% 15
\BOOKMARK [1][]{section*.16}{\376\377\000C\000o\000m\000p\000u\000t\000i\000n\000g\000\040\000S\000k\000i\000l\000l\000s}{}% 16
\BOOKMARK [2][]{section*.17}{\376\377\000M\000a\000c\000h\000i\000n\000e\000\040\000L\000e\000a\000r\000n\000i\000n\000g\000\040\000a\000n\000d\000\040\000D\000a\000t\000a\000\040\000M\000o\000d\000e\000l\000i\000n\000g\000:}{section*.16}% 17
\BOOKMARK [2][]{section*.18}{\376\377\000G\000e\000n\000e\000r\000a\000l\000\040\000S\000o\000f\000t\000w\000a\000r\000e\000\040\000D\000e\000v\000e\000l\000o\000p\000m\000e\000n\000t\000:}{section*.16}% 18
\BOOKMARK [2][]{section*.19}{\376\377\000O\000t\000h\000e\000r\000:}{section*.16}% 19
\BOOKMARK [1][]{section*.20}{\376\377\000P\000r\000e\000s\000e\000n\000t\000a\000t\000i\000o\000n\000s}{}% 20
\BOOKMARK [1][]{section*.21}{\376\377\000H\000o\000n\000o\000r\000s\000\040\000a\000n\000d\000\040\000A\000w\000a\000r\000d\000s}{}% 21
\BOOKMARK [1][]{section*.22}{\376\377\000R\000e\000f\000e\000r\000e\000n\000c\000e\000s}{}% 22
